<?xml version="1.0" encoding="UTF-8"?>
<testng-results skipped="0" failed="1" total="1" passed="0">
  <reporter-output>
  </reporter-output>
  <suite name="Suite" duration-ms="132367" started-at="2018-01-04T08:22:46Z" finished-at="2018-01-04T08:24:58Z">
    <groups>
    </groups>
    <test name="TestIOS" duration-ms="132367" started-at="2018-01-04T08:22:46Z" finished-at="2018-01-04T08:24:58Z">
      <class name="com.experitest.auto.IOSDemoTest">
        <test-method status="PASS" signature="setUp(java.lang.String)[pri:0, instance:com.experitest.auto.IOSDemoTest@7d9d1a19]" name="setUp" is-config="true" duration-ms="74447" started-at="2018-01-04T10:22:46Z" finished-at="2018-01-04T10:24:00Z">
          <params>
            <param index="0">
              <value>
                <![CDATA[@os='ios' and @version!='11.1.2']]>
              </value>
            </param>
          </params>
          <reporter-output>
          </reporter-output>
        </test-method> <!-- setUp -->
        <test-method status="FAIL" signature="test()[pri:0, instance:com.experitest.auto.IOSDemoTest@7d9d1a19]" name="test" duration-ms="51834" started-at="2018-01-04T10:24:00Z" finished-at="2018-01-04T10:24:52Z">
          <exception class="org.openqa.selenium.NoSuchElementException">
            <message>
              <![CDATA[no such element (An element could not be located on the page using the given search parameters (XPATH='//*[@accessibilityLabel='Logout']'))  (WARNING: The server did not provide any stacktrace information)
Command duration or timeout: 2.50 seconds
For documentation on this error, please visit: http://seleniumhq.org/exceptions/no_such_element.html
Build info: version: '2.53.1', revision: 'a36b8b1cd5757287168e54b817830adce9b0158d', time: '2016-06-30 19:26:09'
System info: host: 'EYALKOPEL-LT', ip: '192.168.2.125', os.name: 'Windows 10', os.arch: 'amd64', os.version: '10.0', java.version: '1.8.0_131'
Driver info: io.appium.java_client.ios.IOSDriver
Capabilities [{device.majorVersion=11.x, dontGoHomeOnQuit=false, device.os=iOS, noReset=false, dontStopAppOnReset=false, project=Default, reservationDuration=240, reportFormat=xml, fullReset=false, platform=ANY, desired={app=cloud:com.experitest.ExperiBank, deviceQuery=@os='ios' and @version!='11.1.2', instrumentApp=true, bundleId=com.experitest.ExperiBank, reportDirectory=reports, project=Default, reportFormat=xml, platformName=iOS, testName=IOSDemoTest}, device.serialNumber=1d3e36fba9e9d23918ca4f4b8760d0c10ce24b3b, device.version=11.0, deviceQuery=@os='ios' and @version!='11.1.2', automationName=XCUITest, reportDirectory=reports, autoWebview=false, platformName=iOS, testName=IOSDemoTest, device.screenSize=750x1334, useKeystore=false, app=cloud:com.experitest.ExperiBank, cloudViewLink=http://sales.experitest.com/agent-9/#/NhpLMpESPv07YPpw?1
Picked up Grid Node (seetest_7778)
Reserved Device : IPhone6, instrumentApp=true, device.manufacture=Apple, device.category=PHONE, bundleId=cloud:com.experitest.ExperiBank, autoDismissAlerts=false, reportUrl=https://sales-reporter.experitest.com/#/test/3333, keystorePath=~/.android/debug.keystore, waitForDeviceTimeout=120000, device.model=iPhone 6, device.name=IPhone6, projectName=, gridNodePort=7778, autoAcceptAlerts=false}]
Session ID: CLOUD-SID:2018-01-04_10-22-42-8f75242b-59e2-4a32-b0c3-b02fb5b3b543
*** Element info: {Using=xpath, value=//*[@accessibilityLabel='Logout']}]]>
            </message>
            <full-stacktrace>
              <![CDATA[org.openqa.selenium.NoSuchElementException: no such element (An element could not be located on the page using the given search parameters (XPATH='//*[@accessibilityLabel='Logout']'))  (WARNING: The server did not provide any stacktrace information)
Command duration or timeout: 2.50 seconds
For documentation on this error, please visit: http://seleniumhq.org/exceptions/no_such_element.html
Build info: version: '2.53.1', revision: 'a36b8b1cd5757287168e54b817830adce9b0158d', time: '2016-06-30 19:26:09'
System info: host: 'EYALKOPEL-LT', ip: '192.168.2.125', os.name: 'Windows 10', os.arch: 'amd64', os.version: '10.0', java.version: '1.8.0_131'
Driver info: io.appium.java_client.ios.IOSDriver
Capabilities [{device.majorVersion=11.x, dontGoHomeOnQuit=false, device.os=iOS, noReset=false, dontStopAppOnReset=false, project=Default, reservationDuration=240, reportFormat=xml, fullReset=false, platform=ANY, desired={app=cloud:com.experitest.ExperiBank, deviceQuery=@os='ios' and @version!='11.1.2', instrumentApp=true, bundleId=com.experitest.ExperiBank, reportDirectory=reports, project=Default, reportFormat=xml, platformName=iOS, testName=IOSDemoTest}, device.serialNumber=1d3e36fba9e9d23918ca4f4b8760d0c10ce24b3b, device.version=11.0, deviceQuery=@os='ios' and @version!='11.1.2', automationName=XCUITest, reportDirectory=reports, autoWebview=false, platformName=iOS, testName=IOSDemoTest, device.screenSize=750x1334, useKeystore=false, app=cloud:com.experitest.ExperiBank, cloudViewLink=http://sales.experitest.com/agent-9/#/NhpLMpESPv07YPpw?1
Picked up Grid Node (seetest_7778)
Reserved Device : IPhone6, instrumentApp=true, device.manufacture=Apple, device.category=PHONE, bundleId=cloud:com.experitest.ExperiBank, autoDismissAlerts=false, reportUrl=https://sales-reporter.experitest.com/#/test/3333, keystorePath=~/.android/debug.keystore, waitForDeviceTimeout=120000, device.model=iPhone 6, device.name=IPhone6, projectName=, gridNodePort=7778, autoAcceptAlerts=false}]
Session ID: CLOUD-SID:2018-01-04_10-22-42-8f75242b-59e2-4a32-b0c3-b02fb5b3b543
*** Element info: {Using=xpath, value=//*[@accessibilityLabel='Logout']}
	at sun.reflect.NativeConstructorAccessorImpl.newInstance0(Native Method)
	at sun.reflect.NativeConstructorAccessorImpl.newInstance(NativeConstructorAccessorImpl.java:62)
	at sun.reflect.DelegatingConstructorAccessorImpl.newInstance(DelegatingConstructorAccessorImpl.java:45)
	at java.lang.reflect.Constructor.newInstance(Constructor.java:423)
	at org.openqa.selenium.remote.ErrorHandler.createThrowable(ErrorHandler.java:206)
	at org.openqa.selenium.remote.ErrorHandler.throwIfResponseFailed(ErrorHandler.java:158)
	at org.openqa.selenium.remote.RemoteWebDriver.execute(RemoteWebDriver.java:678)
	at io.appium.java_client.DefaultGenericMobileDriver.execute(DefaultGenericMobileDriver.java:40)
	at io.appium.java_client.AppiumDriver.execute(AppiumDriver.java:1)
	at io.appium.java_client.ios.IOSDriver.execute(IOSDriver.java:1)
	at org.openqa.selenium.remote.RemoteWebDriver.findElement(RemoteWebDriver.java:363)
	at io.appium.java_client.DefaultGenericMobileDriver.findElement(DefaultGenericMobileDriver.java:56)
	at io.appium.java_client.AppiumDriver.findElement(AppiumDriver.java:1)
	at io.appium.java_client.ios.IOSDriver.findElement(IOSDriver.java:1)
	at org.openqa.selenium.remote.RemoteWebDriver.findElementByXPath(RemoteWebDriver.java:500)
	at io.appium.java_client.DefaultGenericMobileDriver.findElementByXPath(DefaultGenericMobileDriver.java:134)
	at io.appium.java_client.AppiumDriver.findElementByXPath(AppiumDriver.java:1)
	at io.appium.java_client.ios.IOSDriver.findElementByXPath(IOSDriver.java:1)
	at org.openqa.selenium.By$ByXPath.findElement(By.java:361)
	at org.openqa.selenium.remote.RemoteWebDriver.findElement(RemoteWebDriver.java:355)
	at io.appium.java_client.DefaultGenericMobileDriver.findElement(DefaultGenericMobileDriver.java:52)
	at io.appium.java_client.AppiumDriver.findElement(AppiumDriver.java:1)
	at io.appium.java_client.ios.IOSDriver.findElement(IOSDriver.java:1)
	at com.experitest.auto.IOSDemoTest.test(IOSDemoTest.java:50)
	at sun.reflect.NativeMethodAccessorImpl.invoke0(Native Method)
	at sun.reflect.NativeMethodAccessorImpl.invoke(NativeMethodAccessorImpl.java:62)
	at sun.reflect.DelegatingMethodAccessorImpl.invoke(DelegatingMethodAccessorImpl.java:43)
	at java.lang.reflect.Method.invoke(Method.java:498)
	at org.testng.internal.MethodInvocationHelper.invokeMethod(MethodInvocationHelper.java:85)
	at org.testng.internal.Invoker.invokeMethod(Invoker.java:639)
	at org.testng.internal.Invoker.invokeTestMethod(Invoker.java:816)
	at org.testng.internal.Invoker.invokeTestMethods(Invoker.java:1124)
	at org.testng.internal.TestMethodWorker.invokeTestMethods(TestMethodWorker.java:125)
	at org.testng.internal.TestMethodWorker.run(TestMethodWorker.java:108)
	at org.testng.TestRunner.privateRun(TestRunner.java:774)
	at org.testng.TestRunner.run(TestRunner.java:624)
	at org.testng.SuiteRunner.runTest(SuiteRunner.java:359)
	at org.testng.SuiteRunner.access$000(SuiteRunner.java:39)
	at org.testng.SuiteRunner$SuiteWorker.run(SuiteRunner.java:393)
	at org.testng.internal.thread.ThreadUtil$2.call(ThreadUtil.java:64)
	at java.util.concurrent.FutureTask.run(FutureTask.java:266)
	at java.util.concurrent.ThreadPoolExecutor.runWorker(ThreadPoolExecutor.java:1142)
	at java.util.concurrent.ThreadPoolExecutor$Worker.run(ThreadPoolExecutor.java:617)
	at java.lang.Thread.run(Thread.java:748)
]]>
            </full-stacktrace>
          </exception> <!-- org.openqa.selenium.NoSuchElementException -->
          <reporter-output>
          </reporter-output>
        </test-method> <!-- test -->
        <test-method status="PASS" signature="tearDown()[pri:0, instance:com.experitest.auto.IOSDemoTest@7d9d1a19]" name="tearDown" is-config="true" duration-ms="6043" started-at="2018-01-04T10:24:52Z" finished-at="2018-01-04T10:24:58Z">
          <reporter-output>
          </reporter-output>
        </test-method> <!-- tearDown -->
      </class> <!-- com.experitest.auto.IOSDemoTest -->
    </test> <!-- TestIOS -->
  </suite> <!-- Suite -->
</testng-results>
